<?xml version="1.0" encoding="UTF-8"?>
<testsuite name="MyStackTest" tests="1" skipped="0" failures="0" errors="0" timestamp="2021-03-03T18:16:25" hostname="PARAG" time="0.008">
  <properties/>
  <testcase name="givenThreeNoWhenPushedTopShouldBeLastAddedNode" classname="MyStackTest" time="0.008"/>
  <system-out><![CDATA[my Nodes: 70
my Nodes: 30->70
my Nodes: 56->30->70
]]></system-out>
  <system-err><![CDATA[]]></system-err>
</testsuite>
