<?xml version="1.0" encoding="UTF-8"?>
<testsuite name="MyLinkedListTest" tests="1" skipped="0" failures="0" errors="0" timestamp="2021-03-03T17:03:35" hostname="PARAG" time="0.007">
  <properties/>
  <testcase name="GivenThreeNumbersShouldBeAbleToSearch" classname="MyLinkedListTest" time="0.007"/>
  <system-out><![CDATA[my Nodes: 56->30->70
]]></system-out>
  <system-err><![CDATA[]]></system-err>
</testsuite>
