<?xml version="1.0" encoding="UTF-8"?>
<testsuite name="MyLinkedListTest" tests="1" skipped="0" failures="0" errors="0" timestamp="2021-03-03T18:02:20" hostname="PARAG" time="0.006">
  <properties/>
  <testcase name="given4NumbersShouldSortedInASECorderInLinkedList" classname="MyLinkedListTest" time="0.006"/>
  <system-out><![CDATA[my Nodes: 56
my Nodes: 30->56
my Nodes: 30->56->70
my Nodes: 30->40->56->70
4
]]></system-out>
  <system-err><![CDATA[]]></system-err>
</testsuite>
