<?xml version="1.0" encoding="UTF-8"?>
<testsuite name="MyHashMapTest" tests="1" skipped="0" failures="0" errors="0" timestamp="2021-03-04T08:05:40" hostname="PARAG" time="0.01">
  <properties/>
  <testcase name="givenFrequentWordsShouldReturnFrequency" classname="MyHashMapTest" time="0.01"/>
  <system-out><![CDATA[Frequency- 2
]]></system-out>
  <system-err><![CDATA[]]></system-err>
</testsuite>
