<?xml version="1.0" encoding="UTF-8"?>
<testsuite name="MyLinkedListTest" tests="3" skipped="0" failures="0" errors="0" timestamp="2021-03-03T16:47:41" hostname="PARAG" time="0.009">
  <properties/>
  <testcase name="givenThreeNoWhenAppendedShouldBeAddedToLast" classname="MyLinkedListTest" time="0.004"/>
  <testcase name="givenThreeNumbersWhenInsertingSecondInBetweenShouldPassLinkedListResult" classname="MyLinkedListTest" time="0.0"/>
  <testcase name="givenThreeNoWhenAddedToLinkedListShouldBeAddedToTop" classname="MyLinkedListTest" time="0.005"/>
  <system-out><![CDATA[my Nodes: 56->30->70
]]></system-out>
  <system-err><![CDATA[]]></system-err>
</testsuite>
