<?xml version="1.0" encoding="UTF-8"?>
<testsuite name="MyNodeTest" tests="1" skipped="0" failures="0" errors="0" timestamp="2021-03-02T16:55:34" hostname="PARAG" time="0.004">
  <properties/>
  <testcase name="givenThreeNumWhenLinkedShouldPassLinkedListTest" classname="MyNodeTest" time="0.004"/>
  <system-out><![CDATA[]]></system-out>
  <system-err><![CDATA[]]></system-err>
</testsuite>
