<?xml version="1.0" encoding="UTF-8"?>
<testsuite name="MyLinkedListTest" tests="2" skipped="0" failures="0" errors="0" timestamp="2021-03-03T16:27:43" hostname="PARAG" time="0.016">
  <properties/>
  <testcase name="givenThreeNoWhenAppendedShouldBeAddedToLast" classname="MyLinkedListTest" time="0.006"/>
  <testcase name="givenThreeNoWhenAddedToLinkedListShouldBeAddedToTop" classname="MyLinkedListTest" time="0.009"/>
  <system-out><![CDATA[my Nodes: 56->30->70
]]></system-out>
  <system-err><![CDATA[]]></system-err>
</testsuite>
